<?xml version="1.0" encoding="UTF-8"?>
<!-- Generated by org.testng.reporters.JUnitReportReporter -->
<testsuite skipped="0" hostname="DESKTOP-LOTIA2H" name="TestDemo.TestLoginGoogle" tests="1" failures="0" timestamp="2022-02-02T11:59:03 IST" time="2.089" errors="0">
  <testcase name="testGooglePage" time="2.089" classname="TestDemo.TestLoginGoogle"/>
  <system-out/>
</testsuite> <!-- TestDemo.TestLoginGoogle -->
