<?xml version="1.0" encoding="UTF-8"?>
<!-- Generated by org.testng.reporters.JUnitReportReporter -->
<testsuite skipped="0" hostname="DESKTOP-LOTIA2H" name="TestDemo.TestLogin" tests="1" failures="0" timestamp="2022-02-02T11:06:08 IST" time="0.559" errors="0">
  <testcase name="testLogin" time="0.559" classname="TestDemo.TestLogin"/>
  <system-out/>
</testsuite> <!-- TestDemo.TestLogin -->
