<?xml version="1.0" encoding="UTF-8"?>
<!-- Generated by org.testng.reporters.JUnitReportReporter -->
<testsuite skipped="0" hostname="DESKTOP-LOTIA2H" name="TestDemo.TestGoogle" tests="1" failures="0" timestamp="2022-02-02T13:02:06 IST" time="120.379" errors="0">
  <testcase name="testGooglePage" time="120.379" classname="TestDemo.TestGoogle"/>
  <system-out/>
</testsuite> <!-- TestDemo.TestGoogle -->
