<?xml version="1.0" encoding="UTF-8"?>
<!-- Generated by org.testng.reporters.JUnitReportReporter -->
<testsuite hostname="DESKTOP-LOTIA2H" failures="0" tests="1" name="TestDemo.TestLogin" time="0.670" errors="0" timestamp="2022-02-01T12:19:51 IST" skipped="0">
  <testcase classname="TestDemo.TestLogin" name="testLogin" time="0.670"/>
  <system-out/>
</testsuite> <!-- TestDemo.TestLogin -->
